<?xml version="1.0" encoding="UTF-8"?>
<!-- Generated by org.testng.reporters.JUnitXMLReporter -->
<testsuite ignored="0" hostname="TYSS-Yogita" failures="0" tests="3" name="Regression Test" time="6.466" errors="0" timestamp="2023-06-23T11:52:33 IST">
  <testcase classname="testcases.DWS_Subscribe" name="subscribe" time="0.238"/>
  <testcase classname="testcases.DWS_Vote" name="vote" time="0.194"/>
  <testcase classname="testcases.DWS_SearchTC" name="Search" time="1.124"/>
</testsuite> <!-- Regression Test -->
