<?xml version="1.0" encoding="UTF-8"?>
<!-- Generated by org.testng.reporters.JUnitXMLReporter -->
<testsuite ignored="0" hostname="TYSS-Yogita" failures="0" tests="3" name="Test" time="0.035" errors="0" timestamp="2023-06-27T18:23:24 IST">
  <testcase classname="tesng_basics.Working_with_testng" name="LoginTest" time="0.009"/>
  <testcase classname="tesng_basics.Working_with_testng" name="RegisterTest" time="0.0"/>
  <testcase classname="tesng_basics.Working_with_testng" name="SearchTest" time="0.0"/>
</testsuite> <!-- Test -->
